app/build/intermediates/manifest_merge_blame_file/debug/manifest-merger-blame-debug-report.txt
1<?xml version="1.0" encoding="utf-8"?>
2<manifest xmlns:android="http://schemas.android.com/apk/res/android"
3    package="fr.iut.sae_s4_01_app_mobile"
4    android:versionCode="1"
5    android:versionName="1.0" >
6
7    <uses-sdk
8        android:minSdkVersion="24"
9        android:targetSdkVersion="34" />
10
11    <uses-permission android:name="android.permission.CAMERA" /> <!-- Don't require camera, as this requires a rear camera. This allows it to work on the Nexus 7 -->
11-->[com.journeyapps:zxing-android-embedded:4.2.0] AndroidManifest.xml:22:5-65
11-->[com.journeyapps:zxing-android-embedded:4.2.0] AndroidManifest.xml:22:22-62
12    <uses-feature
12-->[com.journeyapps:zxing-android-embedded:4.2.0] AndroidManifest.xml:25:5-27:36
13        android:name="android.hardware.camera"
13-->[com.journeyapps:zxing-android-embedded:4.2.0] AndroidManifest.xml:26:9-47
14        android:required="false" />
14-->[com.journeyapps:zxing-android-embedded:4.2.0] AndroidManifest.xml:27:9-33
15    <uses-feature
15-->[com.journeyapps:zxing-android-embedded:4.2.0] AndroidManifest.xml:28:5-30:36
16        android:name="android.hardware.camera.front"
16-->[com.journeyapps:zxing-android-embedded:4.2.0] AndroidManifest.xml:29:9-53
17        android:required="false" /> <!-- TODO replace above two with next line after Android 4.2 -->
17-->[com.journeyapps:zxing-android-embedded:4.2.0] AndroidManifest.xml:30:9-33
18    <!-- <uses-feature android:name="android.hardware.camera.any"/> -->
19    <uses-feature
19-->[com.journeyapps:zxing-android-embedded:4.2.0] AndroidManifest.xml:33:5-35:36
20        android:name="android.hardware.camera.autofocus"
20-->[com.journeyapps:zxing-android-embedded:4.2.0] AndroidManifest.xml:34:9-57
21        android:required="false" />
21-->[com.journeyapps:zxing-android-embedded:4.2.0] AndroidManifest.xml:35:9-33
22    <uses-feature
22-->[com.journeyapps:zxing-android-embedded:4.2.0] AndroidManifest.xml:36:5-38:36
23        android:name="android.hardware.camera.flash"
23-->[com.journeyapps:zxing-android-embedded:4.2.0] AndroidManifest.xml:37:9-53
24        android:required="false" />
24-->[com.journeyapps:zxing-android-embedded:4.2.0] AndroidManifest.xml:38:9-33
25    <uses-feature
25-->[com.journeyapps:zxing-android-embedded:4.2.0] AndroidManifest.xml:39:5-41:36
26        android:name="android.hardware.screen.landscape"
26-->[com.journeyapps:zxing-android-embedded:4.2.0] AndroidManifest.xml:40:9-57
27        android:required="false" />
27-->[com.journeyapps:zxing-android-embedded:4.2.0] AndroidManifest.xml:41:9-33
28    <uses-feature
28-->[com.journeyapps:zxing-android-embedded:4.2.0] AndroidManifest.xml:42:5-44:36
29        android:name="android.hardware.wifi"
29-->[com.journeyapps:zxing-android-embedded:4.2.0] AndroidManifest.xml:43:9-45
30        android:required="false" />
30-->[com.journeyapps:zxing-android-embedded:4.2.0] AndroidManifest.xml:44:9-33
31
32    <permission
32-->[androidx.core:core:1.9.0] AndroidManifest.xml:22:5-24:47
33        android:name="fr.iut.sae_s4_01_app_mobile.DYNAMIC_RECEIVER_NOT_EXPORTED_PERMISSION"
33-->[androidx.core:core:1.9.0] AndroidManifest.xml:23:9-81
34        android:protectionLevel="signature" />
34-->[androidx.core:core:1.9.0] AndroidManifest.xml:24:9-44
35
36    <uses-permission android:name="fr.iut.sae_s4_01_app_mobile.DYNAMIC_RECEIVER_NOT_EXPORTED_PERMISSION" />
36-->[androidx.core:core:1.9.0] AndroidManifest.xml:26:5-97
36-->[androidx.core:core:1.9.0] AndroidManifest.xml:26:22-94
37
38    <application
38-->src/main/AndroidManifest.xml:4:5-90:19
39        android:allowBackup="true"
39-->src/main/AndroidManifest.xml:5:9-35
40        android:appComponentFactory="androidx.core.app.CoreComponentFactory"
40-->[androidx.core:core:1.9.0] AndroidManifest.xml:28:18-86
41        android:dataExtractionRules="@xml/data_extraction_rules"
41-->src/main/AndroidManifest.xml:6:9-65
42        android:debuggable="true"
43        android:extractNativeLibs="false"
44        android:fullBackupContent="@xml/backup_rules"
44-->src/main/AndroidManifest.xml:7:9-54
45        android:icon="@mipmap/ic_launcher"
45-->src/main/AndroidManifest.xml:8:9-43
46        android:label="@string/app_name"
46-->src/main/AndroidManifest.xml:9:9-41
47        android:roundIcon="@mipmap/ic_launcher_round"
47-->src/main/AndroidManifest.xml:10:9-54
48        android:supportsRtl="true"
48-->src/main/AndroidManifest.xml:11:9-35
49        android:testOnly="true"
50        android:theme="@style/Theme.SAE_S4_01_App_Mobile" >
50-->src/main/AndroidManifest.xml:12:9-58
51        <activity
51-->src/main/AndroidManifest.xml:15:9-22:20
52            android:name="fr.iut.sae_s4_01_app_mobile.AccueilActivity"
52-->src/main/AndroidManifest.xml:16:13-44
53            android:exported="true" >
53-->src/main/AndroidManifest.xml:17:13-36
54
55            <!--
56            <intent-filter>
57                <action android:name="android.intent.action.MAIN" />
58                <category android:name="android.intent.category.LAUNCHER" />
59            </intent-filter>
60            -->
61        </activity>
62        <activity
62-->src/main/AndroidManifest.xml:24:9-31:20
63            android:name="fr.iut.sae_s4_01_app_mobile.SplashScreenActivity"
63-->src/main/AndroidManifest.xml:25:13-49
64            android:exported="true" >
64-->src/main/AndroidManifest.xml:26:13-36
65            <intent-filter>
65-->src/main/AndroidManifest.xml:27:13-30:29
66                <action android:name="android.intent.action.MAIN" />
66-->src/main/AndroidManifest.xml:28:17-69
66-->src/main/AndroidManifest.xml:28:25-66
67
68                <category android:name="android.intent.category.LAUNCHER" />
68-->src/main/AndroidManifest.xml:29:17-77
68-->src/main/AndroidManifest.xml:29:27-74
69            </intent-filter>
70        </activity>
71        <activity
71-->src/main/AndroidManifest.xml:33:9-39:20
72            android:name="fr.iut.sae_s4_01_app_mobile.LoginActivity"
72-->src/main/AndroidManifest.xml:33:19-48
73            android:exported="true" >
73-->src/main/AndroidManifest.xml:34:13-36
74
75            <!--
76            <intent-filter>
77                <action android:name="android.intent.action.MAIN" />
78                <category android:name="android.intent.category.LAUNCHER" />
79            </intent-filter>
80            -->
81        </activity>
82        <activity
82-->src/main/AndroidManifest.xml:40:9-46:20
83            android:name="fr.iut.sae_s4_01_app_mobile.RegisterActivity"
83-->src/main/AndroidManifest.xml:40:19-51
84            android:exported="true" >
84-->src/main/AndroidManifest.xml:41:13-36
85
86            <!--
87            <intent-filter>
88                <action android:name="android.intent.action.MAIN" />
89                <category android:name="android.intent.category.LAUNCHER" />
90            </intent-filter>
91            -->
92        </activity>
93        <activity
93-->src/main/AndroidManifest.xml:47:9-53:20
94            android:name="fr.iut.sae_s4_01_app_mobile.RegisterActivity2"
94-->src/main/AndroidManifest.xml:47:19-52
95            android:exported="true" >
95-->src/main/AndroidManifest.xml:48:13-36
96            <intent-filter>
96-->src/main/AndroidManifest.xml:27:13-30:29
97                <action android:name="android.intent.action.MAIN" />
97-->src/main/AndroidManifest.xml:28:17-69
97-->src/main/AndroidManifest.xml:28:25-66
98
99                <category android:name="android.intent.category.LAUNCHER" />
99-->src/main/AndroidManifest.xml:29:17-77
99-->src/main/AndroidManifest.xml:29:27-74
100            </intent-filter>
101        </activity>
102        <activity
102-->src/main/AndroidManifest.xml:55:9-63:20
103            android:name="fr.iut.sae_s4_01_app_mobile.ScannerActivity"
103-->src/main/AndroidManifest.xml:56:13-44
104            android:exported="true" >
104-->src/main/AndroidManifest.xml:57:13-36
105
106            <!--
107            <intent-filter>
108                <action android:name="android.intent.action.MAIN" />
109
110                <category android:name="android.intent.category.LAUNCHER" />
111            </intent-filter>
112            -->
113        </activity>
114        <activity
114-->src/main/AndroidManifest.xml:65:9-73:20
115            android:name="fr.iut.sae_s4_01_app_mobile.ancienneAlerteActivity"
115-->src/main/AndroidManifest.xml:66:13-51
116            android:exported="true" >
116-->src/main/AndroidManifest.xml:67:13-36
117
118            <!--
119            <intent-filter>
120                <action android:name="android.intent.action.MAIN" />
121
122                <category android:name="android.intent.category.LAUNCHER" />
123            </intent-filter>
124            -->
125        </activity>
126        <activity
126-->src/main/AndroidManifest.xml:75:9-83:20
127            android:name="fr.iut.sae_s4_01_app_mobile.MedocCodeActivity"
127-->src/main/AndroidManifest.xml:76:13-46
128            android:exported="true" >
128-->src/main/AndroidManifest.xml:77:13-36
129
130            <!--
131            <intent-filter>
132                <action android:name="android.intent.action.MAIN" />
133
134                <category android:name="android.intent.category.LAUNCHER" />
135            </intent-filter>
136            -->
137        </activity>
138        <activity
138-->src/main/AndroidManifest.xml:85:9-88:20
139            android:name="fr.iut.sae_s4_01_app_mobile.ProfilActivity"
139-->src/main/AndroidManifest.xml:86:13-43
140            android:exported="true" >
140-->src/main/AndroidManifest.xml:87:13-36
141        </activity>
142        <activity
142-->[com.journeyapps:zxing-android-embedded:4.2.0] AndroidManifest.xml:47:9-53:63
143            android:name="com.journeyapps.barcodescanner.CaptureActivity"
143-->[com.journeyapps:zxing-android-embedded:4.2.0] AndroidManifest.xml:48:13-74
144            android:clearTaskOnLaunch="true"
144-->[com.journeyapps:zxing-android-embedded:4.2.0] AndroidManifest.xml:49:13-45
145            android:screenOrientation="sensorLandscape"
145-->[com.journeyapps:zxing-android-embedded:4.2.0] AndroidManifest.xml:50:13-56
146            android:stateNotNeeded="true"
146-->[com.journeyapps:zxing-android-embedded:4.2.0] AndroidManifest.xml:51:13-42
147            android:theme="@style/zxing_CaptureTheme"
147-->[com.journeyapps:zxing-android-embedded:4.2.0] AndroidManifest.xml:52:13-54
148            android:windowSoftInputMode="stateAlwaysHidden" />
148-->[com.journeyapps:zxing-android-embedded:4.2.0] AndroidManifest.xml:53:13-60
149
150        <provider
150-->[androidx.emoji2:emoji2:1.2.0] AndroidManifest.xml:24:9-32:20
151            android:name="androidx.startup.InitializationProvider"
151-->[androidx.emoji2:emoji2:1.2.0] AndroidManifest.xml:25:13-67
152            android:authorities="fr.iut.sae_s4_01_app_mobile.androidx-startup"
152-->[androidx.emoji2:emoji2:1.2.0] AndroidManifest.xml:26:13-68
153            android:exported="false" >
153-->[androidx.emoji2:emoji2:1.2.0] AndroidManifest.xml:27:13-37
154            <meta-data
154-->[androidx.emoji2:emoji2:1.2.0] AndroidManifest.xml:29:13-31:52
155                android:name="androidx.emoji2.text.EmojiCompatInitializer"
155-->[androidx.emoji2:emoji2:1.2.0] AndroidManifest.xml:30:17-75
156                android:value="androidx.startup" />
156-->[androidx.emoji2:emoji2:1.2.0] AndroidManifest.xml:31:17-49
157            <meta-data
157-->[androidx.lifecycle:lifecycle-process:2.6.1] AndroidManifest.xml:29:13-31:52
158                android:name="androidx.lifecycle.ProcessLifecycleInitializer"
158-->[androidx.lifecycle:lifecycle-process:2.6.1] AndroidManifest.xml:30:17-78
159                android:value="androidx.startup" />
159-->[androidx.lifecycle:lifecycle-process:2.6.1] AndroidManifest.xml:31:17-49
160            <meta-data
160-->[androidx.profileinstaller:profileinstaller:1.3.0] AndroidManifest.xml:29:13-31:52
161                android:name="androidx.profileinstaller.ProfileInstallerInitializer"
161-->[androidx.profileinstaller:profileinstaller:1.3.0] AndroidManifest.xml:30:17-85
162                android:value="androidx.startup" />
162-->[androidx.profileinstaller:profileinstaller:1.3.0] AndroidManifest.xml:31:17-49
163        </provider>
164
165        <receiver
165-->[androidx.profileinstaller:profileinstaller:1.3.0] AndroidManifest.xml:34:9-52:20
166            android:name="androidx.profileinstaller.ProfileInstallReceiver"
166-->[androidx.profileinstaller:profileinstaller:1.3.0] AndroidManifest.xml:35:13-76
167            android:directBootAware="false"
167-->[androidx.profileinstaller:profileinstaller:1.3.0] AndroidManifest.xml:36:13-44
168            android:enabled="true"
168-->[androidx.profileinstaller:profileinstaller:1.3.0] AndroidManifest.xml:37:13-35
169            android:exported="true"
169-->[androidx.profileinstaller:profileinstaller:1.3.0] AndroidManifest.xml:38:13-36
170            android:permission="android.permission.DUMP" >
170-->[androidx.profileinstaller:profileinstaller:1.3.0] AndroidManifest.xml:39:13-57
171            <intent-filter>
171-->[androidx.profileinstaller:profileinstaller:1.3.0] AndroidManifest.xml:40:13-42:29
172                <action android:name="androidx.profileinstaller.action.INSTALL_PROFILE" />
172-->[androidx.profileinstaller:profileinstaller:1.3.0] AndroidManifest.xml:41:17-91
172-->[androidx.profileinstaller:profileinstaller:1.3.0] AndroidManifest.xml:41:25-88
173            </intent-filter>
174            <intent-filter>
174-->[androidx.profileinstaller:profileinstaller:1.3.0] AndroidManifest.xml:43:13-45:29
175                <action android:name="androidx.profileinstaller.action.SKIP_FILE" />
175-->[androidx.profileinstaller:profileinstaller:1.3.0] AndroidManifest.xml:44:17-85
175-->[androidx.profileinstaller:profileinstaller:1.3.0] AndroidManifest.xml:44:25-82
176            </intent-filter>
177            <intent-filter>
177-->[androidx.profileinstaller:profileinstaller:1.3.0] AndroidManifest.xml:46:13-48:29
178                <action android:name="androidx.profileinstaller.action.SAVE_PROFILE" />
178-->[androidx.profileinstaller:profileinstaller:1.3.0] AndroidManifest.xml:47:17-88
178-->[androidx.profileinstaller:profileinstaller:1.3.0] AndroidManifest.xml:47:25-85
179            </intent-filter>
180            <intent-filter>
180-->[androidx.profileinstaller:profileinstaller:1.3.0] AndroidManifest.xml:49:13-51:29
181                <action android:name="androidx.profileinstaller.action.BENCHMARK_OPERATION" />
181-->[androidx.profileinstaller:profileinstaller:1.3.0] AndroidManifest.xml:50:17-95
181-->[androidx.profileinstaller:profileinstaller:1.3.0] AndroidManifest.xml:50:25-92
182            </intent-filter>
183        </receiver>
184    </application>
185
186</manifest>